<?xml version="1.0" encoding="UTF-8" ?>
<testsuite tests="8" failures="0" name="com.ncedu.groznova.simplewebtask.classifiers.IsPowerOfTwoTest" time="0" errors="0" skipped="0">
  <properties>
    <property name="java.runtime.name" value="Java(TM) SE Runtime Environment"/>
    <property name="sun.boot.library.path" value="C:\Program Files\Java\jdk1.8.0_91\jre\bin"/>
    <property name="java.vm.version" value="25.91-b15"/>
    <property name="java.vm.vendor" value="Oracle Corporation"/>
    <property name="maven.multiModuleProjectDirectory" value="$M2_HOME"/>
    <property name="java.vendor.url" value="http://java.oracle.com/"/>
    <property name="path.separator" value=";"/>
    <property name="guice.disable.misplaced.annotation.check" value="true"/>
    <property name="java.vm.name" value="Java HotSpot(TM) Client VM"/>
    <property name="file.encoding.pkg" value="sun.io"/>
    <property name="idea.launcher.port" value="7533"/>
    <property name="user.script" value=""/>
    <property name="user.country" value="RU"/>
    <property name="sun.java.launcher" value="SUN_STANDARD"/>
    <property name="sun.os.patch.level" value="Service Pack 1"/>
    <property name="java.vm.specification.name" value="Java Virtual Machine Specification"/>
    <property name="user.dir" value="D:\SAV (reserve)\Documents\Prog\Prog_Pr\Java\NetCracker_Projects\Part 2\SimpleWebTask"/>
    <property name="java.runtime.version" value="1.8.0_91-b15"/>
    <property name="java.awt.graphicsenv" value="sun.awt.Win32GraphicsEnvironment"/>
    <property name="java.endorsed.dirs" value="C:\Program Files\Java\jdk1.8.0_91\jre\lib\endorsed"/>
    <property name="os.arch" value="x86"/>
    <property name="java.io.tmpdir" value="C:\Users\5B3B~1\AppData\Local\Temp\"/>
    <property name="line.separator" value="
"/>
    <property name="java.vm.specification.vendor" value="Oracle Corporation"/>
    <property name="user.variant" value=""/>
    <property name="os.name" value="Windows 7"/>
    <property name="classworlds.conf" value="C:\Program Files\Maven\apache-maven-3.3.9\bin\m2.conf"/>
    <property name="sun.jnu.encoding" value="Cp1251"/>
    <property name="java.library.path" value="C:\Program Files\Java\jdk1.8.0_91\bin;C:\Windows\Sun\Java\bin;C:\Windows\system32;C:\Windows;D:\Software\IntelliJ IDEA 12.0\bin\..\.\bin;C:\oraclexe\app\oracle\product\11.2.0\server\bin;C:\ProgramData\Oracle\Java\javapath;C:\Windows\system32;C:\Windows;C:\Windows\System32\Wbem;C:\Windows\System32\WindowsPowerShell\v1.0\;C:\Program Files\Common Files\Acronis\SnapAPI\;C:\Program Files\Skype\Phone\;D:\Software\Basic MiKTeX\miktex\bin\;C:\Program Files\Maven\apache-maven-3.3.9\bin\;C:\Program Files\Ant\apache-ant-1.9.7\bin\;C:\Program Files\Gradle\gradle-3.1\bin\;C:\Program Files\Tomcat\apache-tomcat-7.0.72\bin\;C:\Git\cmd;;C:\Program Files\Midnight Commander;d:\software\intellij idea 12.0\jre\jre\bin;."/>
    <property name="java.specification.name" value="Java Platform API Specification"/>
    <property name="java.class.version" value="52.0"/>
    <property name="sun.management.compiler" value="HotSpot Client Compiler"/>
    <property name="os.version" value="6.1"/>
    <property name="user.home" value="C:\Users\Настя"/>
    <property name="user.timezone" value="GMT+03:00"/>
    <property name="java.awt.printerjob" value="sun.awt.windows.WPrinterJob"/>
    <property name="java.specification.version" value="1.8"/>
    <property name="idea.launcher.bin.path" value="D:\Software\IntelliJ IDEA 12.0\bin"/>
    <property name="file.encoding" value="UTF-8"/>
    <property name="user.name" value="Настя"/>
    <property name="java.class.path" value="C:\Program Files\Maven\apache-maven-3.3.9\boot\plexus-classworlds-2.5.2.jar;D:\Software\IntelliJ IDEA 12.0\lib\idea_rt.jar"/>
    <property name="java.vm.specification.version" value="1.8"/>
    <property name="sun.arch.data.model" value="32"/>
    <property name="java.home" value="C:\Program Files\Java\jdk1.8.0_91\jre"/>
    <property name="sun.java.command" value="com.intellij.rt.execution.application.AppMain org.codehaus.classworlds.Launcher --no-plugin-registry --fail-fast --strict-checksums --update-snapshots install"/>
    <property name="java.specification.vendor" value="Oracle Corporation"/>
    <property name="user.language" value="ru"/>
    <property name="awt.toolkit" value="sun.awt.windows.WToolkit"/>
    <property name="java.vm.info" value="mixed mode"/>
    <property name="java.version" value="1.8.0_91"/>
    <property name="java.ext.dirs" value="C:\Program Files\Java\jdk1.8.0_91\jre\lib\ext;C:\Windows\Sun\Java\lib\ext"/>
    <property name="sun.boot.class.path" value="C:\Program Files\Java\jdk1.8.0_91\jre\lib\resources.jar;C:\Program Files\Java\jdk1.8.0_91\jre\lib\rt.jar;C:\Program Files\Java\jdk1.8.0_91\jre\lib\sunrsasign.jar;C:\Program Files\Java\jdk1.8.0_91\jre\lib\jsse.jar;C:\Program Files\Java\jdk1.8.0_91\jre\lib\jce.jar;C:\Program Files\Java\jdk1.8.0_91\jre\lib\charsets.jar;C:\Program Files\Java\jdk1.8.0_91\jre\lib\jfr.jar;C:\Program Files\Java\jdk1.8.0_91\jre\classes"/>
    <property name="java.vendor" value="Oracle Corporation"/>
    <property name="maven.home" value="C:\Program Files\Maven\apache-maven-3.3.9"/>
    <property name="file.separator" value="\"/>
    <property name="java.vendor.url.bug" value="http://bugreport.sun.com/bugreport/"/>
    <property name="sun.cpu.endian" value="little"/>
    <property name="sun.io.unicode.encoding" value="UnicodeLittle"/>
    <property name="sun.desktop" value="windows"/>
    <property name="sun.cpu.isalist" value="pentium_pro+mmx pentium_pro pentium+mmx pentium i486 i386 i86"/>
  </properties>
  <testcase classname="com.ncedu.groznova.simplewebtask.classifiers.IsPowerOfTwoTest" name="test[0]" time="0"/>
  <testcase classname="com.ncedu.groznova.simplewebtask.classifiers.IsPowerOfTwoTest" name="test[1]" time="0"/>
  <testcase classname="com.ncedu.groznova.simplewebtask.classifiers.IsPowerOfTwoTest" name="test[2]" time="0"/>
  <testcase classname="com.ncedu.groznova.simplewebtask.classifiers.IsPowerOfTwoTest" name="test[3]" time="0"/>
  <testcase classname="com.ncedu.groznova.simplewebtask.classifiers.IsPowerOfTwoTest" name="test[4]" time="0"/>
  <testcase classname="com.ncedu.groznova.simplewebtask.classifiers.IsPowerOfTwoTest" name="test[5]" time="0"/>
  <testcase classname="com.ncedu.groznova.simplewebtask.classifiers.IsPowerOfTwoTest" name="test[6]" time="0"/>
  <testcase classname="com.ncedu.groznova.simplewebtask.classifiers.IsPowerOfTwoTest" name="test[7]" time="0"/>
</testsuite>